<?xml version="1.0" encoding="UTF-8"?>
<!-- Generated by org.testng.reporters.JUnitReportReporter -->
<testsuite hostname="LAPTOP-VL163G20" failures="0" tests="1" name="testNG.TestClass4" time="64.772" errors="0" timestamp="2024-07-30T07:49:11 IST" skipped="0">
  <testcase classname="testNG.TestClass4" name="searchValidation" time="64.772"/>
  <system-out/>
</testsuite> <!-- testNG.TestClass4 -->
