<?xml version="1.0" encoding="UTF-8"?>
<!-- Generated by org.testng.reporters.JUnitReportReporter -->
<testsuite hostname="LAPTOP-VL163G20" failures="0" tests="2" name="testNG.TestClass2" time="14.946" errors="0" timestamp="2024-07-30T07:49:11 IST" skipped="0">
  <testcase classname="testNG.TestClass2" name="wishlistValidation" time="8.142"/>
  <system-out/>
  <testcase classname="testNG.TestClass2" name="paymoduleValidation" time="6.804"/>
  <system-out/>
</testsuite> <!-- testNG.TestClass2 -->
