<?xml version="1.0" encoding="UTF-8"?>
<!-- Generated by org.testng.reporters.JUnitReportReporter -->
<testsuite hostname="LAPTOP-VL163G20" failures="0" tests="2" name="testNG.TestClass1" time="0.092" errors="0" timestamp="2024-07-30T07:49:11 IST" skipped="0">
  <testcase classname="testNG.TestClass1" name="urlValidation" time="0.058"/>
  <system-out/>
  <testcase classname="testNG.TestClass1" name="titleValidation" time="0.034"/>
  <system-out/>
</testsuite> <!-- testNG.TestClass1 -->
